08:48:00 **** Incremental Build of configuration Debug for project DoorLock_AUTOSAR_Project ****
make -j8 all 
arm-none-eabi-gcc  -gdwarf-2 -o "DoorLock_AUTOSAR_Project.elf" @"objects.list"   -mcpu=cortex-m3 -T"F:\ENG ASU\Graduation Project\Embedded\AUTOSAR\Project\AUTOSAR_Project_ASWL_STM32_CubeIDE_WS\DoorLock_AUTOSAR_Project\STM32F103C6TX_FLASH.ld" --specs=nosys.specs -Wl,-Map="DoorLock_AUTOSAR_Project.map" -Wl,--gc-sections -static --specs=nano.specs -mfloat-abi=soft -mthumb -Wl,--start-group -lc -lm -Wl,--end-group
F:/progs/ST/STM32CubeIDE_1.4.0/STM32CubeIDE/plugins/com.st.stm32cube.ide.mcu.externaltools.gnu-tools-for-stm32.11.3.rel1.win32_1.1.100.202309141235/tools/bin/../lib/gcc/arm-none-eabi/11.3.1/../../../../arm-none-eabi/bin/ld.exe: ./Src/main.o:F:/ENG ASU/Graduation Project/Embedded/AUTOSAR/Project/AUTOSAR_Project_ASWL_STM32_CubeIDE_WS/DoorLock_AUTOSAR_Project/HAL/includes/lcd.h:45: multiple definition of `PinCfg'; ./HAL/lcd.o:F:/ENG ASU/Graduation Project/Embedded/AUTOSAR/Project/AUTOSAR_Project_ASWL_STM32_CubeIDE_WS/DoorLock_AUTOSAR_Project/HAL/includes/lcd.h:45: first defined here
collect2.exe: error: ld returned 1 exit status
make: *** [makefile:66: DoorLock_AUTOSAR_Project.elf] Error 1
"make -j8 all" terminated with exit code 2. Build might be incomplete.

08:48:00 Build Failed. 2 errors, 0 warnings. (took 534ms)

